<?xml version="1.0" encoding="UTF-8"?>
<!-- Generated by org.testng.reporters.JUnitXMLReporter -->
<testsuite ignored="0" hostname="DESKTOP-493EAAE" failures="1" tests="8" name="Test" time="6.25" errors="0" timestamp="2024-04-29T00:39:48 IST">
  <testcase classname="pathAndQueryParam.CookiesAndHeader" name="getCokkiesInfo" time="2.154"/>
  <testcase classname="pathAndQueryParam.HeadersInfo" name="getHeadersInfo" time="0.381"/>
  <testcase classname="pathAndQueryParam.JsonBodyValidations" name="jsonBody" time="0.922">
    <failure type="java.lang.NullPointerException">
      <![CDATA[java.lang.NullPointerException
at pathAndQueryParam.JsonBodyValidations.jsonBody(JsonBodyValidations.java:34)
at java.base/java.util.ArrayList.forEach(ArrayList.java:1541)
... Removed 27 stack frames]]>
    </failure>
  </testcase> <!-- jsonBody -->
  <testcase classname="pathAndQueryParam.JsonBodyValidations" name="jsonBodyMulti" time="0.206"/>
  <testcase classname="pathAndQueryParam.JsonBodyValidations" name="jsonBodyMultiJson" time="0.137"/>
  <testcase classname="pathAndQueryParam.JsonSchemaValidation" name="jsonSchema" time="1.011"/>
  <testcase classname="pathAndQueryParam.LoggingDemo" name="TestLogs" time="0.188"/>
  <testcase classname="pathAndQueryParam.PathQuey" name="testANdQuerParams" time="0.531"/>
</testsuite> <!-- Test -->
